{"D:\\Repos\\My-Office-Add-in\\src\\commands\\commands.ts": {"path":"D:\\Repos\\My-Office-Add-in\\src\\commands\\commands.ts","statementMap":{"0":{"start":{"line":8,"column":0},"end":{"line":10,"column":3}},"1":{"start":{"line":17,"column":53},"end":{"line":22,"column":3}},"2":{"start":{"line":25,"column":2},"end":{"line":28,"column":4}},"3":{"start":{"line":31,"column":2},"end":{"line":31,"column":20}},"4":{"start":{"line":35,"column":0},"end":{"line":35,"column":43}}},"fnMap":{"0":{"name":"(anonymous_0)","decl":{"start":{"line":8,"column":15},"end":{"line":8,"column":16}},"loc":{"start":{"line":8,"column":21},"end":{"line":10,"column":1}},"line":8},"1":{"name":"action","decl":{"start":{"line":16,"column":9},"end":{"line":16,"column":15}},"loc":{"start":{"line":16,"column":51},"end":{"line":32,"column":1}},"line":16}},"branchMap":{},"s":{"0":0,"1":0,"2":0,"3":0,"4":0},"f":{"0":0,"1":0},"b":{}}
,"D:\\Repos\\My-Office-Add-in\\src\\popup\\popup.js": {"path":"D:\\Repos\\My-Office-Add-in\\src\\popup\\popup.js","statementMap":{"0":{"start":{"line":3,"column":15},"end":{"line":3,"column":20}},"1":{"start":{"line":5,"column":0},"end":{"line":18,"column":3}},"2":{"start":{"line":6,"column":4},"end":{"line":10,"column":6}},"3":{"start":{"line":11,"column":4},"end":{"line":11,"column":13}},"4":{"start":{"line":12,"column":4},"end":{"line":12,"column":20}},"5":{"start":{"line":13,"column":4},"end":{"line":16,"column":7}},"6":{"start":{"line":15,"column":8},"end":{"line":15,"column":35}},"7":{"start":{"line":17,"column":4},"end":{"line":17,"column":21}},"8":{"start":{"line":21,"column":21},"end":{"line":21,"column":62}},"9":{"start":{"line":22,"column":4},"end":{"line":22,"column":46}},"10":{"start":{"line":27,"column":4},"end":{"line":32,"column":5}},"11":{"start":{"line":28,"column":8},"end":{"line":28,"column":25}},"12":{"start":{"line":31,"column":8},"end":{"line":31,"column":29}},"13":{"start":{"line":45,"column":24},"end":{"line":45,"column":50}},"14":{"start":{"line":46,"column":24},"end":{"line":46,"column":50}},"15":{"start":{"line":49,"column":4},"end":{"line":56,"column":5}},"16":{"start":{"line":50,"column":8},"end":{"line":50,"column":36}},"17":{"start":{"line":51,"column":8},"end":{"line":51,"column":49}},"18":{"start":{"line":54,"column":8},"end":{"line":54,"column":49}},"19":{"start":{"line":55,"column":8},"end":{"line":55,"column":34}},"20":{"start":{"line":57,"column":4},"end":{"line":57,"column":55}},"21":{"start":{"line":61,"column":30},"end":{"line":61,"column":53}},"22":{"start":{"line":62,"column":4},"end":{"line":62,"column":79}},"23":{"start":{"line":62,"column":58},"end":{"line":62,"column":78}},"24":{"start":{"line":63,"column":4},"end":{"line":97,"column":9}},"25":{"start":{"line":65,"column":12},"end":{"line":65,"column":87}},"26":{"start":{"line":66,"column":12},"end":{"line":66,"column":18}},"27":{"start":{"line":68,"column":30},"end":{"line":68,"column":62}},"28":{"start":{"line":69,"column":12},"end":{"line":69,"column":39}},"29":{"start":{"line":70,"column":12},"end":{"line":70,"column":36}},"30":{"start":{"line":71,"column":12},"end":{"line":71,"column":38}},"31":{"start":{"line":72,"column":12},"end":{"line":74,"column":15}},"32":{"start":{"line":73,"column":16},"end":{"line":73,"column":66}},"33":{"start":{"line":75,"column":12},"end":{"line":75,"column":42}},"34":{"start":{"line":76,"column":12},"end":{"line":76,"column":42}},"35":{"start":{"line":77,"column":12},"end":{"line":77,"column":43}},"36":{"start":{"line":78,"column":12},"end":{"line":78,"column":44}},"37":{"start":{"line":79,"column":12},"end":{"line":79,"column":49}},"38":{"start":{"line":80,"column":12},"end":{"line":80,"column":18}},"39":{"start":{"line":86,"column":12},"end":{"line":86,"column":37}},"40":{"start":{"line":87,"column":12},"end":{"line":91,"column":13}},"41":{"start":{"line":89,"column":16},"end":{"line":89,"column":43}},"42":{"start":{"line":93,"column":12},"end":{"line":93,"column":53}},"43":{"start":{"line":94,"column":12},"end":{"line":94,"column":46}},"44":{"start":{"line":95,"column":12},"end":{"line":95,"column":39}},"45":{"start":{"line":96,"column":12},"end":{"line":96,"column":18}},"46":{"start":{"line":101,"column":26},"end":{"line":101,"column":67}},"47":{"start":{"line":102,"column":27},"end":{"line":102,"column":70}},"48":{"start":{"line":103,"column":27},"end":{"line":103,"column":70}},"49":{"start":{"line":104,"column":21},"end":{"line":104,"column":61}},"50":{"start":{"line":105,"column":4},"end":{"line":105,"column":79}},"51":{"start":{"line":106,"column":4},"end":{"line":106,"column":55}},"52":{"start":{"line":107,"column":4},"end":{"line":107,"column":65}},"53":{"start":{"line":110,"column":4},"end":{"line":110,"column":24}},"54":{"start":{"line":110,"column":17},"end":{"line":110,"column":24}},"55":{"start":{"line":111,"column":4},"end":{"line":144,"column":8}},"56":{"start":{"line":113,"column":30},"end":{"line":113,"column":71}},"57":{"start":{"line":114,"column":31},"end":{"line":114,"column":74}},"58":{"start":{"line":115,"column":31},"end":{"line":115,"column":74}},"59":{"start":{"line":116,"column":25},"end":{"line":116,"column":65}},"60":{"start":{"line":117,"column":20},"end":{"line":117,"column":45}},"61":{"start":{"line":119,"column":8},"end":{"line":119,"column":52}},"62":{"start":{"line":121,"column":8},"end":{"line":121,"column":54}},"63":{"start":{"line":123,"column":27},"end":{"line":123,"column":50}},"64":{"start":{"line":124,"column":28},"end":{"line":124,"column":52}},"65":{"start":{"line":125,"column":22},"end":{"line":126,"column":68}},"66":{"start":{"line":128,"column":8},"end":{"line":128,"column":61}},"67":{"start":{"line":129,"column":8},"end":{"line":129,"column":39}},"68":{"start":{"line":130,"column":8},"end":{"line":130,"column":41}},"69":{"start":{"line":131,"column":8},"end":{"line":132,"column":43}},"70":{"start":{"line":133,"column":8},"end":{"line":133,"column":53}},"71":{"start":{"line":134,"column":8},"end":{"line":134,"column":51}},"72":{"start":{"line":147,"column":4},"end":{"line":150,"column":5}},"73":{"start":{"line":149,"column":8},"end":{"line":149,"column":59}}},"fnMap":{"0":{"name":"(anonymous_0)","decl":{"start":{"line":5,"column":15},"end":{"line":5,"column":16}},"loc":{"start":{"line":5,"column":25},"end":{"line":18,"column":1}},"line":5},"1":{"name":"(anonymous_1)","decl":{"start":{"line":13,"column":38},"end":{"line":13,"column":39}},"loc":{"start":{"line":13,"column":49},"end":{"line":16,"column":5}},"line":13},"2":{"name":"sendStringToParentPage","decl":{"start":{"line":20,"column":9},"end":{"line":20,"column":31}},"loc":{"start":{"line":20,"column":34},"end":{"line":23,"column":1}},"line":20},"3":{"name":"tryCatch","decl":{"start":{"line":26,"column":15},"end":{"line":26,"column":23}},"loc":{"start":{"line":26,"column":34},"end":{"line":33,"column":1}},"line":26},"4":{"name":"calculateAspectRatioFit","decl":{"start":{"line":44,"column":9},"end":{"line":44,"column":32}},"loc":{"start":{"line":44,"column":87},"end":{"line":58,"column":2}},"line":44},"5":{"name":"onMessageFromParent","decl":{"start":{"line":59,"column":10},"end":{"line":59,"column":29}},"loc":{"start":{"line":59,"column":35},"end":{"line":98,"column":1}},"line":59},"6":{"name":"(anonymous_6)","decl":{"start":{"line":62,"column":52},"end":{"line":62,"column":53}},"loc":{"start":{"line":62,"column":58},"end":{"line":62,"column":78}},"line":62},"7":{"name":"(anonymous_7)","decl":{"start":{"line":72,"column":48},"end":{"line":72,"column":49}},"loc":{"start":{"line":72,"column":54},"end":{"line":74,"column":13}},"line":72},"8":{"name":"(anonymous_8)","decl":{"start":{"line":87,"column":32},"end":{"line":87,"column":33}},"loc":{"start":{"line":87,"column":42},"end":{"line":91,"column":13}},"line":87},"9":{"name":"testButton","decl":{"start":{"line":99,"column":9},"end":{"line":99,"column":19}},"loc":{"start":{"line":99,"column":21},"end":{"line":108,"column":1}},"line":99},"10":{"name":"drawStageImage","decl":{"start":{"line":109,"column":9},"end":{"line":109,"column":23}},"loc":{"start":{"line":109,"column":25},"end":{"line":145,"column":1}},"line":109},"11":{"name":"onRegisterMessageComplete","decl":{"start":{"line":146,"column":9},"end":{"line":146,"column":34}},"loc":{"start":{"line":146,"column":48},"end":{"line":151,"column":1}},"line":146}},"branchMap":{"0":{"loc":{"start":{"line":49,"column":4},"end":{"line":56,"column":5}},"type":"if","locations":[{"start":{"line":49,"column":4},"end":{"line":56,"column":5}},{"start":{"line":53,"column":9},"end":{"line":56,"column":5}}],"line":49},"1":{"loc":{"start":{"line":63,"column":4},"end":{"line":97,"column":9}},"type":"switch","locations":[{"start":{"line":64,"column":8},"end":{"line":66,"column":18}},{"start":{"line":67,"column":8},"end":{"line":80,"column":18}},{"start":{"line":81,"column":8},"end":{"line":96,"column":18}}],"line":63},"2":{"loc":{"start":{"line":110,"column":4},"end":{"line":110,"column":24}},"type":"if","locations":[{"start":{"line":110,"column":4},"end":{"line":110,"column":24}},{"start":{},"end":{}}],"line":110},"3":{"loc":{"start":{"line":111,"column":4},"end":{"line":144,"column":8}},"type":"if","locations":[{"start":{"line":111,"column":4},"end":{"line":144,"column":8}},{"start":{},"end":{}}],"line":111},"4":{"loc":{"start":{"line":147,"column":4},"end":{"line":150,"column":5}},"type":"if","locations":[{"start":{"line":147,"column":4},"end":{"line":150,"column":5}},{"start":{},"end":{}}],"line":147}},"s":{"0":0,"1":0,"2":0,"3":0,"4":0,"5":0,"6":0,"7":0,"8":0,"9":0,"10":0,"11":0,"12":0,"13":0,"14":0,"15":0,"16":0,"17":0,"18":0,"19":0,"20":0,"21":0,"22":0,"23":0,"24":0,"25":0,"26":0,"27":0,"28":0,"29":0,"30":0,"31":0,"32":0,"33":0,"34":0,"35":0,"36":0,"37":0,"38":0,"39":0,"40":0,"41":0,"42":0,"43":0,"44":0,"45":0,"46":0,"47":0,"48":0,"49":0,"50":0,"51":0,"52":0,"53":0,"54":0,"55":0,"56":0,"57":0,"58":0,"59":0,"60":0,"61":0,"62":0,"63":0,"64":0,"65":0,"66":0,"67":0,"68":0,"69":0,"70":0,"71":0,"72":0,"73":0},"f":{"0":0,"1":0,"2":0,"3":0,"4":0,"5":0,"6":0,"7":0,"8":0,"9":0,"10":0,"11":0},"b":{"0":[0,0],"1":[0,0,0],"2":[0,0],"3":[0,0],"4":[0,0]}}
,"D:\\Repos\\My-Office-Add-in\\src\\taskpane\\sum.js": {"path":"D:\\Repos\\My-Office-Add-in\\src\\taskpane\\sum.js","statementMap":{"0":{"start":{"line":2,"column":4},"end":{"line":2,"column":15}},"1":{"start":{"line":5,"column":0},"end":{"line":5,"column":20}}},"fnMap":{"0":{"name":"sum","decl":{"start":{"line":1,"column":9},"end":{"line":1,"column":12}},"loc":{"start":{"line":1,"column":17},"end":{"line":3,"column":1}},"line":1}},"branchMap":{},"s":{"0":1,"1":1},"f":{"0":1},"b":{},"_coverageSchema":"1a1c01bbd47fc00a2c39e90264f33305004495a9","hash":"138f7f0d36c541a9044f0f71d5b4a723eded5b4e"}
,"D:\\Repos\\My-Office-Add-in\\src\\taskpane\\taskpane.ts": {"path":"D:\\Repos\\My-Office-Add-in\\src\\taskpane\\taskpane.ts","statementMap":{"0":{"start":{"line":7,"column":0},"end":{"line":18,"column":3}},"1":{"start":{"line":8,"column":2},"end":{"line":17,"column":3}},"2":{"start":{"line":10,"column":4},"end":{"line":10,"column":90}},"3":{"start":{"line":10,"column":64},"end":{"line":10,"column":89}},"4":{"start":{"line":11,"column":4},"end":{"line":11,"column":80}},"5":{"start":{"line":11,"column":59},"end":{"line":11,"column":79}},"6":{"start":{"line":12,"column":4},"end":{"line":12,"column":80}},"7":{"start":{"line":12,"column":59},"end":{"line":12,"column":79}},"8":{"start":{"line":13,"column":4},"end":{"line":13,"column":98}},"9":{"start":{"line":13,"column":69},"end":{"line":13,"column":97}},"10":{"start":{"line":14,"column":4},"end":{"line":14,"column":67}},"11":{"start":{"line":15,"column":4},"end":{"line":15,"column":63}},"12":{"start":{"line":20,"column":4},"end":{"line":28,"column":7}},"13":{"start":{"line":23,"column":24},"end":{"line":23,"column":45}},"14":{"start":{"line":24,"column":8},"end":{"line":25,"column":39}},"15":{"start":{"line":26,"column":8},"end":{"line":26,"column":29}},"16":{"start":{"line":31,"column":4},"end":{"line":40,"column":7}},"17":{"start":{"line":32,"column":8},"end":{"line":39,"column":9}},"18":{"start":{"line":36,"column":31},"end":{"line":36,"column":105}},"19":{"start":{"line":37,"column":32},"end":{"line":37,"column":58}},"20":{"start":{"line":38,"column":12},"end":{"line":38,"column":45}},"21":{"start":{"line":43,"column":4},"end":{"line":52,"column":7}},"22":{"start":{"line":44,"column":8},"end":{"line":51,"column":9}},"23":{"start":{"line":48,"column":34},"end":{"line":48,"column":99}},"24":{"start":{"line":49,"column":32},"end":{"line":49,"column":61}},"25":{"start":{"line":50,"column":12},"end":{"line":50,"column":45}},"26":{"start":{"line":57,"column":4},"end":{"line":62,"column":5}},"27":{"start":{"line":58,"column":8},"end":{"line":58,"column":25}},"28":{"start":{"line":61,"column":8},"end":{"line":61,"column":29}},"29":{"start":{"line":64,"column":13},"end":{"line":64,"column":17}},"30":{"start":{"line":66,"column":4},"end":{"line":66,"column":13}},"31":{"start":{"line":67,"column":4},"end":{"line":75,"column":4}},"32":{"start":{"line":72,"column":8},"end":{"line":72,"column":30}},"33":{"start":{"line":73,"column":8},"end":{"line":73,"column":87}},"34":{"start":{"line":79,"column":4},"end":{"line":79,"column":65}},"35":{"start":{"line":83,"column":4},"end":{"line":83,"column":15}},"36":{"start":{"line":86,"column":0},"end":{"line":86,"column":20}}},"fnMap":{"0":{"name":"(anonymous_0)","decl":{"start":{"line":7,"column":15},"end":{"line":7,"column":16}},"loc":{"start":{"line":7,"column":25},"end":{"line":18,"column":1}},"line":7},"1":{"name":"(anonymous_1)","decl":{"start":{"line":10,"column":58},"end":{"line":10,"column":59}},"loc":{"start":{"line":10,"column":64},"end":{"line":10,"column":89}},"line":10},"2":{"name":"(anonymous_2)","decl":{"start":{"line":11,"column":53},"end":{"line":11,"column":54}},"loc":{"start":{"line":11,"column":59},"end":{"line":11,"column":79}},"line":11},"3":{"name":"(anonymous_3)","decl":{"start":{"line":12,"column":53},"end":{"line":12,"column":54}},"loc":{"start":{"line":12,"column":59},"end":{"line":12,"column":79}},"line":12},"4":{"name":"(anonymous_4)","decl":{"start":{"line":13,"column":63},"end":{"line":13,"column":64}},"loc":{"start":{"line":13,"column":69},"end":{"line":13,"column":97}},"line":13},"5":{"name":"insertParagraph","decl":{"start":{"line":19,"column":15},"end":{"line":19,"column":30}},"loc":{"start":{"line":19,"column":33},"end":{"line":29,"column":1}},"line":19},"6":{"name":"(anonymous_6)","decl":{"start":{"line":20,"column":19},"end":{"line":20,"column":20}},"loc":{"start":{"line":20,"column":38},"end":{"line":28,"column":5}},"line":20},"7":{"name":"insertIcon","decl":{"start":{"line":30,"column":15},"end":{"line":30,"column":25}},"loc":{"start":{"line":30,"column":28},"end":{"line":41,"column":1}},"line":30},"8":{"name":"(anonymous_8)","decl":{"start":{"line":31,"column":19},"end":{"line":31,"column":20}},"loc":{"start":{"line":31,"column":38},"end":{"line":40,"column":5}},"line":31},"9":{"name":"insertStageDiagram","decl":{"start":{"line":42,"column":15},"end":{"line":42,"column":33}},"loc":{"start":{"line":42,"column":36},"end":{"line":53,"column":1}},"line":42},"10":{"name":"(anonymous_10)","decl":{"start":{"line":43,"column":19},"end":{"line":43,"column":20}},"loc":{"start":{"line":43,"column":38},"end":{"line":52,"column":5}},"line":43},"11":{"name":"tryCatch","decl":{"start":{"line":56,"column":15},"end":{"line":56,"column":23}},"loc":{"start":{"line":56,"column":34},"end":{"line":63,"column":1}},"line":56},"12":{"name":"openDialog","decl":{"start":{"line":65,"column":9},"end":{"line":65,"column":19}},"loc":{"start":{"line":65,"column":22},"end":{"line":76,"column":1}},"line":65},"13":{"name":"(anonymous_13)","decl":{"start":{"line":71,"column":6},"end":{"line":71,"column":7}},"loc":{"start":{"line":71,"column":24},"end":{"line":74,"column":5}},"line":71},"14":{"name":"processMessage","decl":{"start":{"line":78,"column":9},"end":{"line":78,"column":23}},"loc":{"start":{"line":78,"column":29},"end":{"line":81,"column":1}},"line":78},"15":{"name":"sum","decl":{"start":{"line":82,"column":9},"end":{"line":82,"column":12}},"loc":{"start":{"line":82,"column":17},"end":{"line":84,"column":1}},"line":82}},"branchMap":{"0":{"loc":{"start":{"line":8,"column":2},"end":{"line":17,"column":3}},"type":"if","locations":[{"start":{"line":8,"column":2},"end":{"line":17,"column":3}},{"start":{},"end":{}}],"line":8},"1":{"loc":{"start":{"line":32,"column":8},"end":{"line":39,"column":9}},"type":"if","locations":[{"start":{"line":32,"column":8},"end":{"line":39,"column":9}},{"start":{},"end":{}}],"line":32},"2":{"loc":{"start":{"line":44,"column":8},"end":{"line":51,"column":9}},"type":"if","locations":[{"start":{"line":44,"column":8},"end":{"line":51,"column":9}},{"start":{},"end":{}}],"line":44}},"s":{"0":0,"1":0,"2":0,"3":0,"4":0,"5":0,"6":0,"7":0,"8":0,"9":0,"10":0,"11":0,"12":0,"13":0,"14":0,"15":0,"16":0,"17":0,"18":0,"19":0,"20":0,"21":0,"22":0,"23":0,"24":0,"25":0,"26":0,"27":0,"28":0,"29":0,"30":0,"31":0,"32":0,"33":0,"34":0,"35":0,"36":0},"f":{"0":0,"1":0,"2":0,"3":0,"4":0,"5":0,"6":0,"7":0,"8":0,"9":0,"10":0,"11":0,"12":0,"13":0,"14":0,"15":0},"b":{"0":[0,0],"1":[0,0],"2":[0,0]}}
}
