TN:
SF:src\commands\commands.ts
FN:8,(anonymous_0)
FN:16,action
FNF:2
FNH:0
FNDA:0,(anonymous_0)
FNDA:0,action
DA:8,0
DA:17,0
DA:25,0
DA:31,0
DA:35,0
LF:5
LH:0
BRF:0
BRH:0
end_of_record
TN:
SF:src\popup\popup.js
FN:5,(anonymous_0)
FN:13,(anonymous_1)
FN:20,sendStringToParentPage
FN:26,tryCatch
FN:44,calculateAspectRatioFit
FN:59,onMessageFromParent
FN:62,(anonymous_6)
FN:72,(anonymous_7)
FN:87,(anonymous_8)
FN:99,testButton
FN:109,drawStageImage
FN:146,onRegisterMessageComplete
FNF:12
FNH:0
FNDA:0,(anonymous_0)
FNDA:0,(anonymous_1)
FNDA:0,sendStringToParentPage
FNDA:0,tryCatch
FNDA:0,calculateAspectRatioFit
FNDA:0,onMessageFromParent
FNDA:0,(anonymous_6)
FNDA:0,(anonymous_7)
FNDA:0,(anonymous_8)
FNDA:0,testButton
FNDA:0,drawStageImage
FNDA:0,onRegisterMessageComplete
DA:3,0
DA:5,0
DA:6,0
DA:11,0
DA:12,0
DA:13,0
DA:15,0
DA:17,0
DA:21,0
DA:22,0
DA:27,0
DA:28,0
DA:31,0
DA:45,0
DA:46,0
DA:49,0
DA:50,0
DA:51,0
DA:54,0
DA:55,0
DA:57,0
DA:61,0
DA:62,0
DA:63,0
DA:65,0
DA:66,0
DA:68,0
DA:69,0
DA:70,0
DA:71,0
DA:72,0
DA:73,0
DA:75,0
DA:76,0
DA:77,0
DA:78,0
DA:79,0
DA:80,0
DA:86,0
DA:87,0
DA:89,0
DA:93,0
DA:94,0
DA:95,0
DA:96,0
DA:101,0
DA:102,0
DA:103,0
DA:104,0
DA:105,0
DA:106,0
DA:107,0
DA:110,0
DA:111,0
DA:113,0
DA:114,0
DA:115,0
DA:116,0
DA:117,0
DA:119,0
DA:121,0
DA:123,0
DA:124,0
DA:125,0
DA:128,0
DA:129,0
DA:130,0
DA:131,0
DA:133,0
DA:134,0
DA:147,0
DA:149,0
LF:72
LH:0
BRDA:49,0,0,0
BRDA:49,0,1,0
BRDA:63,1,0,0
BRDA:63,1,1,0
BRDA:63,1,2,0
BRDA:110,2,0,0
BRDA:110,2,1,0
BRDA:111,3,0,0
BRDA:111,3,1,0
BRDA:147,4,0,0
BRDA:147,4,1,0
BRF:11
BRH:0
end_of_record
TN:
SF:src\taskpane\sum.js
FN:1,sum
FNF:1
FNH:1
FNDA:1,sum
DA:2,1
DA:5,1
LF:2
LH:2
BRF:0
BRH:0
end_of_record
TN:
SF:src\taskpane\taskpane.ts
FN:7,(anonymous_0)
FN:10,(anonymous_1)
FN:11,(anonymous_2)
FN:12,(anonymous_3)
FN:13,(anonymous_4)
FN:19,insertParagraph
FN:20,(anonymous_6)
FN:30,insertIcon
FN:31,(anonymous_8)
FN:42,insertStageDiagram
FN:43,(anonymous_10)
FN:56,tryCatch
FN:65,openDialog
FN:71,(anonymous_13)
FN:78,processMessage
FN:82,sum
FNF:16
FNH:0
FNDA:0,(anonymous_0)
FNDA:0,(anonymous_1)
FNDA:0,(anonymous_2)
FNDA:0,(anonymous_3)
FNDA:0,(anonymous_4)
FNDA:0,insertParagraph
FNDA:0,(anonymous_6)
FNDA:0,insertIcon
FNDA:0,(anonymous_8)
FNDA:0,insertStageDiagram
FNDA:0,(anonymous_10)
FNDA:0,tryCatch
FNDA:0,openDialog
FNDA:0,(anonymous_13)
FNDA:0,processMessage
FNDA:0,sum
DA:7,0
DA:8,0
DA:10,0
DA:11,0
DA:12,0
DA:13,0
DA:14,0
DA:15,0
DA:20,0
DA:23,0
DA:24,0
DA:26,0
DA:31,0
DA:32,0
DA:36,0
DA:37,0
DA:38,0
DA:43,0
DA:44,0
DA:48,0
DA:49,0
DA:50,0
DA:57,0
DA:58,0
DA:61,0
DA:64,0
DA:66,0
DA:67,0
DA:72,0
DA:73,0
DA:79,0
DA:83,0
DA:86,0
LF:33
LH:0
BRDA:8,0,0,0
BRDA:8,0,1,0
BRDA:32,1,0,0
BRDA:32,1,1,0
BRDA:44,2,0,0
BRDA:44,2,1,0
BRF:6
BRH:0
end_of_record
